<?xml version="1.0" encoding="UTF-8"?>
<!-- Generated by org.testng.reporters.JUnitReportReporter -->
<testsuite skipped="0" hostname="LAPTOP-2KEK5IHF" name="practice.crossbrowser" tests="2" failures="0" timestamp="2021-06-05T00:08:36 IST" time="7.141" errors="0">
  <testcase name="f" time="3.863" classname="practice.crossbrowser"/>
  <system-out/>
  <testcase name="f" time="3.278" classname="practice.crossbrowser"/>
  <system-out/>
</testsuite> <!-- practice.crossbrowser -->
