<?xml version="1.0" encoding="UTF-8"?>
<!-- Generated by org.testng.reporters.JUnitReportReporter -->
<testsuite skipped="1" hostname="LAPTOP-2KEK5IHF" name="practice.Learntestngh" tests="2" failures="0" timestamp="2021-05-10T10:55:53 IST" time="5.152" errors="0">
  <testcase name="craeteacc" time="5.152" classname="practice.Learntestngh"/>
  <system-out/>
  <testcase name="fn" classname="practice.Learntestngh">
    <skipped/>
  </testcase> <!-- fn -->
  <system-out/>
</testsuite> <!-- practice.Learntestngh -->
