<?xml version="1.0" encoding="UTF-8"?>
<!-- Generated by org.testng.reporters.JUnitReportReporter -->
<testsuite skipped="0" hostname="LAPTOP-2KEK5IHF" name="practice.learnparam" tests="2" failures="0" timestamp="2021-05-10T12:00:52 IST" time="10.859" errors="0">
  <testcase name="register" time="5.205" classname="practice.learnparam"/>
  <system-out/>
  <testcase name="register" time="5.654" classname="practice.learnparam"/>
  <system-out/>
</testsuite> <!-- practice.learnparam -->
