<?xml version="1.0" encoding="UTF-8"?>
<!-- Generated by org.testng.reporters.JUnitReportReporter -->
<testsuite skipped="0" hostname="LAPTOP-2KEK5IHF" name="TestScript.sanitytesting" tests="1" failures="0" timestamp="2021-05-14T15:25:44 IST" time="58.136" errors="0">
  <testcase name="login" time="58.136" classname="TestScript.sanitytesting"/>
  <system-out/>
</testsuite> <!-- TestScript.sanitytesting -->
