<?xml version="1.0" encoding="UTF-8"?>
<!-- Generated by org.testng.reporters.JUnitReportReporter -->
<testsuite hostname="LAPTOP-2KEK5IHF" failures="0" tests="2" name="selenium.Learndataprovider" time="10.030" errors="0" timestamp="2021-05-04T20:33:57 IST" skipped="0">
  <testcase classname="selenium.Learndataprovider" name="f" time="5.402"/>
  <system-out/>
  <testcase classname="selenium.Learndataprovider" name="f" time="4.628"/>
  <system-out/>
</testsuite> <!-- selenium.Learndataprovider -->
