<?xml version="1.0" encoding="UTF-8"?>
<!-- Generated by org.testng.reporters.JUnitReportReporter -->
<testsuite skipped="0" hostname="LAPTOP-2KEK5IHF" name="practice.Learndatadrivena" tests="2" failures="0" timestamp="2021-05-11T17:33:48 IST" time="15.917" errors="0">
  <testcase name="f" time="7.021" classname="practice.Learndatadrivena"/>
  <system-out/>
  <testcase name="f" time="8.896" classname="practice.Learndatadrivena"/>
  <system-out/>
</testsuite> <!-- practice.Learndatadrivena -->
