<?xml version="1.0" encoding="UTF-8"?>
<!-- Generated by org.testng.reporters.JUnitReportReporter -->
<testsuite skipped="0" hostname="LAPTOP-2KEK5IHF" name="practice.LearnJavascript" tests="1" failures="0" timestamp="2021-05-15T15:42:34 IST" time="7.852" errors="0">
  <testcase name="f" time="7.852" classname="practice.LearnJavascript"/>
  <system-out/>
</testsuite> <!-- practice.LearnJavascript -->
