<?xml version="1.0" encoding="UTF-8"?>
<!-- Generated by org.testng.reporters.JUnitReportReporter -->
<testsuite skipped="0" hostname="LAPTOP-2KEK5IHF" name="practice.learnannotations" tests="1" failures="0" timestamp="2021-05-10T10:52:38 IST" time="0.025" errors="0">
  <testcase name="f" time="0.025" classname="practice.learnannotations"/>
  <system-out/>
</testsuite> <!-- practice.learnannotations -->
