<?xml version="1.0" encoding="UTF-8"?>
<!-- Generated by org.testng.reporters.JUnitReportReporter -->
<testsuite skipped="0" hostname="LAPTOP-2KEK5IHF" name="practice.Learndatapro" tests="3" failures="0" timestamp="2021-05-11T16:08:19 IST" time="22.395" errors="0">
  <testcase name="login" time="9.409" classname="practice.Learndatapro"/>
  <system-out/>
  <testcase name="login" time="6.460" classname="practice.Learndatapro"/>
  <system-out/>
  <testcase name="login" time="6.526" classname="practice.Learndatapro"/>
  <system-out/>
</testsuite> <!-- practice.Learndatapro -->
